# JRE version: Java(TM) SE Runtime Environment (8.0_66-b17) (build 1.8.0_66-b17)
# Java VM: Java HotSpot(TM) 64-Bit Server VM (25.66-b17 mixed mode linux-amd64 compressed oops)
Heap:
 PSYoungGen      total 624128K, used 186716K [0x00000000d6d80000, 0x0000000100000000, 0x0000000100000000)
  eden space 609792K, 28% used [0x00000000d6d80000,0x00000000e15da7f8,0x00000000fc100000)
  from space 14336K, 99% used [0x00000000fd500000,0x00000000fe2fc808,0x00000000fe300000)
  to   space 20480K, 0% used [0x00000000fc100000,0x00000000fc100000,0x00000000fd500000)
 ParOldGen       total 80896K, used 31340K [0x0000000084800000, 0x0000000089700000, 0x00000000d6d80000)
  object space 80896K, 38% used [0x0000000084800000,0x000000008669b270,0x0000000089700000)
 Metaspace       used 55913K, capacity 56416K, committed 56960K, reserved 1099776K
  class space    used 7063K, capacity 7195K, committed 7296K, reserved 1048576K
GC Heap History (10 events):
Event: 3.450 GC heap before
{Heap before GC invocations=8 (full 1):
 PSYoungGen      total 263680K, used 5964K [0x00000000d6d80000, 0x00000000f6f80000, 0x0000000100000000)
  eden space 251904K, 0% used [0x00000000d6d80000,0x00000000d6d80000,0x00000000e6380000)
  from space 11776K, 50% used [0x00000000e6380000,0x00000000e6953268,0x00000000e6f00000)
  to   space 11264K, 0% used [0x00000000f6480000,0x00000000f6480000,0x00000000f6f80000)
 ParOldGen       total 84992K, used 6676K [0x0000000084800000, 0x0000000089b00000, 0x00000000d6d80000)
  object space 84992K, 7% used [0x0000000084800000,0x0000000084e85388,0x0000000089b00000)
 Metaspace       used 20878K, capacity 21038K, committed 21248K, reserved 1069056K
  class space    used 2479K, capacity 2547K, committed 2560K, reserved 1048576K
Event: 3.500 GC heap after
Heap after GC invocations=8 (full 1):
 PSYoungGen      total 263680K, used 0K [0x00000000d6d80000, 0x00000000f6f80000, 0x0000000100000000)
  eden space 251904K, 0% used [0x00000000d6d80000,0x00000000d6d80000,0x00000000e6380000)
  from space 11776K, 0% used [0x00000000e6380000,0x00000000e6380000,0x00000000e6f00000)
  to   space 11264K, 0% used [0x00000000f6480000,0x00000000f6480000,0x00000000f6f80000)
 ParOldGen       total 53760K, used 10864K [0x0000000084800000, 0x0000000087c80000, 0x00000000d6d80000)
  object space 53760K, 20% used [0x0000000084800000,0x000000008529c130,0x0000000087c80000)
 Metaspace       used 20878K, capacity 21038K, committed 21248K, reserved 1069056K
  class space    used 2479K, capacity 2547K, committed 2560K, reserved 1048576K
}
Event: 5.557 GC heap before
{Heap before GC invocations=9 (full 1):
 PSYoungGen      total 263680K, used 251904K [0x00000000d6d80000, 0x00000000f6f80000, 0x0000000100000000)
  eden space 251904K, 100% used [0x00000000d6d80000,0x00000000e6380000,0x00000000e6380000)
  from space 11776K, 0% used [0x00000000e6380000,0x00000000e6380000,0x00000000e6f00000)
  to   space 11264K, 0% used [0x00000000f6480000,0x00000000f6480000,0x00000000f6f80000)
 ParOldGen       total 53760K, used 10864K [0x0000000084800000, 0x0000000087c80000, 0x00000000d6d80000)
  object space 53760K, 20% used [0x0000000084800000,0x000000008529c130,0x0000000087c80000)
 Metaspace       used 29778K, capacity 30080K, committed 30592K, reserved 1077248K
  class space    used 3496K, capacity 3594K, committed 3712K, reserved 1048576K
Event: 5.577 GC heap after
Heap after GC invocations=9 (full 1):
 PSYoungGen      total 442368K, used 10797K [0x00000000d6d80000, 0x00000000f6f80000, 0x0000000100000000)
  eden space 431104K, 0% used [0x00000000d6d80000,0x00000000d6d80000,0x00000000f1280000)
  from space 11264K, 95% used [0x00000000f6480000,0x00000000f6f0b4e0,0x00000000f6f80000)
  to   space 12800K, 0% used [0x00000000f5680000,0x00000000f5680000,0x00000000f6300000)
 ParOldGen       total 53760K, used 10936K [0x0000000084800000, 0x0000000087c80000, 0x00000000d6d80000)
  object space 53760K, 20% used [0x0000000084800000,0x00000000852ae140,0x0000000087c80000)
 Metaspace       used 29778K, capacity 30080K, committed 30592K, reserved 1077248K
  class space    used 3496K, capacity 3594K, committed 3712K, reserved 1048576K
}
Event: 6.276 GC heap before
{Heap before GC invocations=10 (full 1):
 PSYoungGen      total 442368K, used 114593K [0x00000000d6d80000, 0x00000000f6f80000, 0x0000000100000000)
  eden space 431104K, 24% used [0x00000000d6d80000,0x00000000dd2dd160,0x00000000f1280000)
  from space 11264K, 95% used [0x00000000f6480000,0x00000000f6f0b4e0,0x00000000f6f80000)
  to   space 12800K, 0% used [0x00000000f5680000,0x00000000f5680000,0x00000000f6300000)
 ParOldGen       total 53760K, used 10936K [0x0000000084800000, 0x0000000087c80000, 0x00000000d6d80000)
  object space 53760K, 20% used [0x0000000084800000,0x00000000852ae140,0x0000000087c80000)
 Metaspace       used 34803K, capacity 35084K, committed 35416K, reserved 1081344K
  class space    used 4141K, capacity 4236K, committed 4352K, reserved 1048576K
Event: 6.304 GC heap after
Heap after GC invocations=10 (full 1):
 PSYoungGen      total 513536K, used 11888K [0x00000000d6d80000, 0x00000000fe300000, 0x0000000100000000)
  eden space 500736K, 0% used [0x00000000d6d80000,0x00000000d6d80000,0x00000000f5680000)
  from space 12800K, 92% used [0x00000000f5680000,0x00000000f621c260,0x00000000f6300000)
  to   space 14336K, 0% used [0x00000000fd500000,0x00000000fd500000,0x00000000fe300000)
 ParOldGen       total 53760K, used 10944K [0x0000000084800000, 0x0000000087c80000, 0x00000000d6d80000)
  object space 53760K, 20% used [0x0000000084800000,0x00000000852b0140,0x0000000087c80000)
 Metaspace       used 34803K, capacity 35084K, committed 35416K, reserved 1081344K
  class space    used 4141K, capacity 4236K, committed 4352K, reserved 1048576K
}
Event: 6.304 GC heap before
{Heap before GC invocations=11 (full 2):
 PSYoungGen      total 513536K, used 11888K [0x00000000d6d80000, 0x00000000fe300000, 0x0000000100000000)
  eden space 500736K, 0% used [0x00000000d6d80000,0x00000000d6d80000,0x00000000f5680000)
  from space 12800K, 92% used [0x00000000f5680000,0x00000000f621c260,0x00000000f6300000)
  to   space 14336K, 0% used [0x00000000fd500000,0x00000000fd500000,0x00000000fe300000)
 ParOldGen       total 53760K, used 10944K [0x0000000084800000, 0x0000000087c80000, 0x00000000d6d80000)
  object space 53760K, 20% used [0x0000000084800000,0x00000000852b0140,0x0000000087c80000)
 Metaspace       used 34803K, capacity 35084K, committed 35416K, reserved 1081344K
  class space    used 4141K, capacity 4236K, committed 4352K, reserved 1048576K
Event: 6.433 GC heap after
Heap after GC invocations=11 (full 2):
 PSYoungGen      total 513536K, used 0K [0x00000000d6d80000, 0x00000000fe300000, 0x0000000100000000)
  eden space 500736K, 0% used [0x00000000d6d80000,0x00000000d6d80000,0x00000000f5680000)
  from space 12800K, 0% used [0x00000000f5680000,0x00000000f5680000,0x00000000f6300000)
  to   space 14336K, 0% used [0x00000000fd500000,0x00000000fd500000,0x00000000fe300000)
 ParOldGen       total 80896K, used 19404K [0x0000000084800000, 0x0000000089700000, 0x00000000d6d80000)
  object space 80896K, 23% used [0x0000000084800000,0x0000000085af32f0,0x0000000089700000)
 Metaspace       used 34803K, capacity 35084K, committed 35416K, reserved 1081344K
  class space    used 4141K, capacity 4236K, committed 4352K, reserved 1048576K
}
Event: 9.290 GC heap before
{Heap before GC invocations=12 (full 2):
 PSYoungGen      total 513536K, used 500736K [0x00000000d6d80000, 0x00000000fe300000, 0x0000000100000000)
  eden space 500736K, 100% used [0x00000000d6d80000,0x00000000f5680000,0x00000000f5680000)
  from space 12800K, 0% used [0x00000000f5680000,0x00000000f5680000,0x00000000f6300000)
  to   space 14336K, 0% used [0x00000000fd500000,0x00000000fd500000,0x00000000fe300000)
 ParOldGen       total 80896K, used 19404K [0x0000000084800000, 0x0000000089700000, 0x00000000d6d80000)
  object space 80896K, 23% used [0x0000000084800000,0x0000000085af32f0,0x0000000089700000)
 Metaspace       used 49893K, capacity 50312K, committed 50816K, reserved 1093632K
  class space    used 6301K, capacity 6417K, committed 6528K, reserved 1048576K
Event: 9.312 GC heap after
Heap after GC invocations=12 (full 2):
 PSYoungGen      total 624128K, used 14322K [0x00000000d6d80000, 0x0000000100000000, 0x0000000100000000)
  eden space 609792K, 0% used [0x00000000d6d80000,0x00000000d6d80000,0x00000000fc100000)
  from space 14336K, 99% used [0x00000000fd500000,0x00000000fe2fc808,0x00000000fe300000)
  to   space 20480K, 0% used [0x00000000fc100000,0x00000000fc100000,0x00000000fd500000)
 ParOldGen       total 80896K, used 31340K [0x0000000084800000, 0x0000000089700000, 0x00000000d6d80000)
  object space 80896K, 38% used [0x0000000084800000,0x000000008669b270,0x0000000089700000)
 Metaspace       used 49893K, capacity 50312K, committed 50816K, reserved 1093632K
  class space    used 6301K, capacity 6417K, committed 6528K, reserved 1048576K
}

